2021-07-10 09:11:14,912 DEBUG client.py Начинаем сбор логов! 
2021-07-10 09:11:15,914 INFO client.py Клиент ввёл неверные данные для подключения! 
2021-07-10 09:11:45,601 DEBUG client.py Начинаем сбор логов! 
2021-07-10 09:11:46,603 INFO client.py Клиент ввёл неверные данные для подключения! 
2021-07-10 09:14:23,210 DEBUG client.py Начинаем сбор логов! 
2021-07-10 09:14:24,202 INFO client.py Клиент ввёл неверные данные для подключения! Сервер: 127.0.0.2, порт: 7775 
2021-07-10 09:15:07,678 DEBUG client.py Начинаем сбор логов! 
2021-07-10 09:15:07,679 INFO client.py Создание сообщения отправки на сервер 
2021-07-10 09:15:07,679 INFO client.py Отправка сообщения серверу. 
2021-07-10 09:15:07,680 INFO client.py Обработка сообщения от сервера 
2021-07-10 09:15:07,680 INFO client.py Сообщение от сервера успешно обработанно 
2021-07-10 09:15:07,680 DEBUG client.py Сообщение от сервера: {'response': 200} 
2021-07-10 09:15:07,680 INFO client.py Обработанный ответ от сервера: 200 : OK 
2021-07-10 09:15:07,680 DEBUG client.py Заканчиваем сбор логов. 
2021-07-10 18:17:29,418 DEBUG utils.py Выполняем переключение на лог клиента:
10 
2021-07-10 18:17:29,432 DEBUG client.py Начинаем сбор логов! 
2021-07-10 18:17:30,440 INFO client.py Клиент ввёл неверные данные для подключения! Сервер: 127.0.0.1, порт: 7775 
2021-07-10 18:18:30,827 DEBUG utils.py Выполняем переключение на лог клиента:
10 
2021-07-10 18:18:30,827 DEBUG client.py Начинаем сбор логов! 
2021-07-10 18:18:30,828 INFO client.py Создание сообщения отправки на сервер 
2021-07-10 18:18:30,828 INFO client.py Отправка сообщения серверу. 
2021-07-10 18:18:30,829 INFO client.py Обработка сообщения от сервера 
2021-07-10 18:18:30,829 INFO client.py Сообщение от сервера успешно обработанно 
2021-07-10 18:18:30,829 DEBUG client.py Сообщение от сервера: {'response': 200} 
2021-07-10 18:18:30,829 INFO client.py Обработанный ответ от сервера: 200 : OK 
2021-07-10 18:18:30,829 DEBUG client.py Заканчиваем сбор логов. 
2021-07-10 18:22:18,926 DEBUG utils.py Выполняем переключение на лог клиента:
10 
2021-07-10 18:22:18,926 DEBUG client.py Начинаем сбор логов! 
2021-07-10 18:22:19,923 INFO client.py Клиент ввёл неверные данные для подключения! Сервер: 127.0.0.1, порт: 7775 
2021-07-10 18:22:52,808 DEBUG utils.py Выполняем переключение на лог клиента:
10 
2021-07-10 18:22:52,808 DEBUG client.py Начинаем сбор логов! 
2021-07-10 18:22:52,810 INFO client.py Создание сообщения отправки на сервер 
2021-07-10 18:22:52,810 INFO client.py Отправка сообщения серверу. 
2021-07-10 18:22:52,810 DEBUG utils.py Запущена Функция-обёртка! 
2021-07-10 18:22:52,810 DEBUG utils.py Оборачиваемая функция: handle_response :
	с позиционными	({'response': 200},) :
	и именованными аргументами	{} 
2021-07-10 18:22:52,810 DEBUG utils.py Выполняем обёрнутую функцию... 
2021-07-10 18:22:52,810 INFO client.py Обработка сообщения от сервера 
2021-07-10 18:22:52,811 INFO client.py Сообщение от сервера успешно обработанно 
2021-07-10 18:22:52,811 DEBUG utils.py Функция handle_response вернула:
200 : OK 
2021-07-10 18:22:52,811 DEBUG utils.py Выходим из обёртки 
2021-07-10 18:22:52,811 DEBUG client.py Сообщение от сервера: {'response': 200} 
2021-07-10 18:22:52,811 INFO client.py Обработанный ответ от сервера: 200 : OK 
2021-07-10 18:22:52,811 DEBUG client.py Заканчиваем сбор логов. 
2021-07-10 18:24:39,402 DEBUG utils.py Выполняем переключение на лог клиента:
10 
2021-07-10 18:24:39,403 DEBUG client.py Начинаем сбор логов! 
2021-07-10 18:24:40,404 INFO client.py Клиент ввёл неверные данные для подключения! Сервер: 127.0.0.2, порт: 7777 
2021-07-10 18:25:07,711 DEBUG utils.py Выполняем переключение на лог клиента:
10 
2021-07-10 18:25:07,711 DEBUG client.py Начинаем сбор логов! 
2021-07-10 18:25:07,712 INFO client.py Создание сообщения отправки на сервер 
2021-07-10 18:25:07,713 INFO client.py Отправка сообщения серверу. 
2021-07-10 18:25:07,713 INFO client.py Обработка сообщения от сервера 
2021-07-10 18:25:07,713 INFO client.py Сообщение от сервера успешно обработанно 
2021-07-10 18:25:07,714 DEBUG client.py Сообщение от сервера: {'response': 200} 
2021-07-10 18:25:07,714 INFO client.py Обработанный ответ от сервера: 200 : OK 
2021-07-10 18:25:07,714 DEBUG client.py Заканчиваем сбор логов. 
2021-07-10 18:48:47,100 DEBUG utils.py Выполняем переключение на лог клиента:
client 
2021-07-10 18:48:47,100 DEBUG client.py Начинаем сбор логов! 
2021-07-10 18:48:48,102 INFO client.py Клиент ввёл неверные данные для подключения! Сервер: 127.0.0.1, порт: 7777 
