2021-07-10 20:06:13,781 DEBUG utils.py Выполняем переключение на серверный лог:
server 
2021-07-10 20:06:13,782 DEBUG utils.py Выполняем переключение на серверный лог:
server 
2021-07-10 20:06:13,782 DEBUG server.py Start LOG write 
2021-07-10 20:06:13,782 DEBUG utils.py Запущена Функция-обёртка! 
2021-07-10 20:06:13,782 DEBUG utils.py Оборачиваемая функция: main :
	с позиционными	() :
	и именованными аргументами	{} 
2021-07-10 20:06:13,782 DEBUG utils.py Выполняем обёрнутую функцию... 
2021-07-10 20:06:13,782 INFO server.py Сервер запущен на порту 7777, по адресу: 127.0.0.1. 
2021-07-10 20:07:32,961 DEBUG utils.py Запущена Функция-обёртка! 
2021-07-10 20:07:32,961 DEBUG utils.py Оборачиваемая функция: main :
	с позиционными	() :
	и именованными аргументами	{} 
2021-07-10 20:07:32,961 DEBUG utils.py Выполняем обёрнутую функцию... 
2021-07-10 20:07:32,962 DEBUG utils.py Запущена Функция-обёртка! 
2021-07-10 20:07:32,963 DEBUG utils.py Оборачиваемая функция: create_presence_message :
	с позиционными	('Guest',) :
	и именованными аргументами	{} 
2021-07-10 20:07:32,963 DEBUG utils.py Выполняем обёрнутую функцию... 
2021-07-10 20:07:32,963 DEBUG utils.py Функция create_presence_message вернула:
{'action': 'presence', 'time': 1625929652.9635847, 'user': {'account_name': 'Guest'}} 
2021-07-10 20:07:32,963 DEBUG utils.py Выходим из обёртки 
2021-07-10 20:07:32,963 DEBUG utils.py Запущена Функция-обёртка! 
2021-07-10 20:07:32,963 DEBUG utils.py Оборачиваемая функция: handle_response :
	с позиционными	({'action': 'presence', 'time': 1625929652.9635847, 'user': {'account_name': 'Guest'}},) :
	и именованными аргументами	{} 
2021-07-10 20:07:32,963 DEBUG utils.py Выполняем обёрнутую функцию... 
2021-07-10 20:07:32,963 INFO server.py Обработка сообщения от клиента: {'action': 'presence', 'time': 1625929652.9635847, 'user': {'account_name': 'Guest'}} 
2021-07-10 20:07:32,964 DEBUG utils.py Функция handle_response вернула:
{'response': 200} 
2021-07-10 20:07:32,964 DEBUG utils.py Выходим из обёртки 
2021-07-10 20:07:32,964 DEBUG utils.py Запущена Функция-обёртка! 
2021-07-10 20:07:32,964 DEBUG utils.py Оборачиваемая функция: handle_response :
	с позиционными	({'response': 200},) :
	и именованными аргументами	{} 
2021-07-10 20:07:32,964 DEBUG utils.py Выполняем обёрнутую функцию... 
2021-07-10 20:07:32,964 DEBUG utils.py Функция handle_response вернула:
200 : OK 
2021-07-10 20:07:32,964 DEBUG utils.py Выходим из обёртки 
2021-07-10 20:07:32,965 DEBUG utils.py Функция main вернула:
None 
2021-07-10 20:07:32,965 DEBUG utils.py Выходим из обёртки 
